<?xml version="1.0" encoding="UTF-8"?>
<!-- Generated by org.testng.reporters.JUnitXMLReporter -->
<testsuite ignored="0" hostname="Dinesh" failures="0" tests="4" name="Default test" time="35.939" errors="0" timestamp="2022-10-01T16:55:08 IST">
  <testcase classname="com.simplilearn.demo.AmazonAutomation" name="addtocart" time="6.378"/>
  <testcase classname="com.simplilearn.demo.AmazonAutomation" name="login" time="5.063"/>
  <testcase classname="com.simplilearn.demo.AmazonAutomation" name="register" time="5.84"/>
  <testcase classname="com.simplilearn.demo.AmazonAutomation" name="search" time="12.005"/>
</testsuite> <!-- Default test -->
