<?xml version="1.0" encoding="UTF-8"?>
<!-- Generated by org.testng.reporters.JUnitXMLReporter -->
<testsuite ignored="0" hostname="Dinesh" failures="0" tests="7" name="Default test" time="31.854" errors="0" timestamp="2022-10-13T18:43:24 IST">
  <testcase classname="com.MyAppApplicationTestscode" name="testing" time="1.131"/>
  <testcase classname="com.MyAppApplicationTestscode" name="signup" time="2.471"/>
  <testcase classname="com.MyAppApplicationTestscode" name="signin" time="2.129"/>
  <testcase classname="com.MyAppApplicationTestscode" name="adminhome" time="1.618"/>
  <testcase classname="com.MyAppApplicationTestscode" name="userhome" time="2.313"/>
  <testcase classname="com.MyAppApplicationTestscode" name="loadusers" time="1.553"/>
  <testcase classname="com.MyAppApplicationTestscode" name="approve" time="2.088"/>
</testsuite> <!-- Default test -->
