<?xml version="1.0" encoding="UTF-8"?>
<!-- Generated by org.testng.reporters.JUnitXMLReporter -->
<testsuite ignored="0" hostname="Dinesh" failures="0" tests="4" name="Test" time="36.38" errors="0" timestamp="2022-10-01T16:57:40 IST">
  <testcase classname="com.simplilearn.demo.AmazonAutomation" name="addtocart" time="6.358"/>
  <testcase classname="com.simplilearn.demo.AmazonAutomation" name="login" time="4.853"/>
  <testcase classname="com.simplilearn.demo.AmazonAutomation" name="register" time="4.155"/>
  <testcase classname="com.simplilearn.demo.AmazonAutomation" name="search" time="14.023"/>
</testsuite> <!-- Test -->
